<?xml version="1.0" encoding="UTF-8"?>
<!-- Generated by org.testng.reporters.JUnitReportReporter -->
<testsuite hostname="MacBook-Pro-3.local" failures="0" tests="3" name="api.test.PetTests_prop2" time="5.365" errors="0" timestamp="2023-12-14T22:04:22 PKT" skipped="0">
  <testcase classname="api.test.PetTests_prop2" name="testPostPet" time="3.397"/>
  <testcase classname="api.test.PetTests_prop2" name="testGetPet" time="0.998"/>
  <testcase classname="api.test.PetTests_prop2" name="testDeletePet" time="0.970"/>
</testsuite> <!-- api.test.PetTests_prop2 -->
