<?xml version="1.0" encoding="UTF-8"?>
<!-- Generated by org.testng.reporters.JUnitReportReporter -->
<testsuite hostname="MacBook-Pro-3.local" failures="0" tests="4" name="api.test.UserTests" time="11.804" errors="0" timestamp="2023-12-13T19:29:32 PKT" skipped="0">
  <testcase classname="api.test.UserTests" name="testPostUser" time="3.619"/>
  <testcase classname="api.test.UserTests" name="testGetUserByName" time="1.122"/>
  <testcase classname="api.test.UserTests" name="testUpdateUserByName" time="5.318"/>
  <testcase classname="api.test.UserTests" name="testDeleteUserByName" time="1.745"/>
</testsuite> <!-- api.test.UserTests -->
