<?xml version="1.0" encoding="UTF-8"?>
<!-- Generated by org.testng.reporters.JUnitReportReporter -->
<testsuite hostname="MacBook-Pro-3.local" failures="0" tests="3" name="api.test.PetTests_prop" time="6.746" errors="0" timestamp="2023-12-14T20:10:34 PKT" skipped="0">
  <testcase classname="api.test.PetTests_prop" name="testPostPet" time="3.776"/>
  <testcase classname="api.test.PetTests_prop" name="testGetPet" time="1.504"/>
  <testcase classname="api.test.PetTests_prop" name="testDeletePet" time="1.466"/>
</testsuite> <!-- api.test.PetTests_prop -->
