<?xml version="1.0" encoding="UTF-8"?>
<!-- Generated by org.testng.reporters.JUnitReportReporter -->
<testsuite hostname="MacBook-Pro-3.local" failures="0" tests="4" name="api.test.UserTests_prop" time="10.585" errors="0" timestamp="2023-12-14T17:03:39 PKT" skipped="0">
  <testcase classname="api.test.UserTests_prop" name="testPostUser" time="3.259"/>
  <testcase classname="api.test.UserTests_prop" name="testGetUserByName" time="2.308"/>
  <testcase classname="api.test.UserTests_prop" name="testUpdateUserByName" time="3.727"/>
  <testcase classname="api.test.UserTests_prop" name="testDeleteUserByName" time="1.291"/>
</testsuite> <!-- api.test.UserTests_prop -->
