<?xml version="1.0" encoding="UTF-8"?>
<!-- Generated by org.testng.reporters.JUnitReportReporter -->
<testsuite hostname="MacBook-Pro-3.local" failures="0" tests="3" name="api.test.StoreTests_prop" time="5.378" errors="0" timestamp="2023-12-15T16:27:46 PKT" skipped="0">
  <testcase classname="api.test.StoreTests_prop" name="testPostStore" time="3.180"/>
  <testcase classname="api.test.StoreTests_prop" name="testGetStore" time="1.130"/>
  <testcase classname="api.test.StoreTests_prop" name="testDeleteStore" time="1.068"/>
</testsuite> <!-- api.test.StoreTests_prop -->
