<?xml version="1.0" encoding="UTF-8"?>
<!-- Generated by org.testng.reporters.JUnitReportReporter -->
<testsuite hostname="MacBook-Pro-3.local" failures="0" tests="6" name="api.test.User_DDTests" time="8.020" errors="0" timestamp="2023-12-14T20:04:38 PKT" skipped="0">
  <testcase classname="api.test.User_DDTests" name="testPostUser" time="0.982"/>
  <testcase classname="api.test.User_DDTests" name="testPostUser" time="3.118"/>
  <testcase classname="api.test.User_DDTests" name="testPostUser" time="0.974"/>
  <testcase classname="api.test.User_DDTests" name="testDeleteUserByName" time="0.955"/>
  <testcase classname="api.test.User_DDTests" name="testDeleteUserByName" time="0.996"/>
  <testcase classname="api.test.User_DDTests" name="testDeleteUserByName" time="0.995"/>
</testsuite> <!-- api.test.User_DDTests -->
