<?xml version="1.0" encoding="UTF-8"?>
<!-- Generated by org.testng.reporters.JUnitReportReporter -->
<testsuite hostname="MacBook-Pro-3.local" failures="0" tests="6" name="api.test.DDTests" time="10.876" errors="0" timestamp="2023-12-13T16:25:07 PKT" skipped="0">
  <testcase classname="api.test.DDTests" name="testPostUser" time="1.182"/>
  <testcase classname="api.test.DDTests" name="testPostUser" time="1.125"/>
  <testcase classname="api.test.DDTests" name="testPostUser" time="3.444"/>
  <testcase classname="api.test.DDTests" name="testDeleteUserByName" time="1.510"/>
  <testcase classname="api.test.DDTests" name="testDeleteUserByName" time="1.664"/>
  <testcase classname="api.test.DDTests" name="testDeleteUserByName" time="1.951"/>
</testsuite> <!-- api.test.DDTests -->
